<?xml version="1.0" encoding="UTF-8"?>
<!-- Generated by org.testng.reporters.JUnitReportReporter -->
<testsuite skipped="0" hostname="DXCINDAI683957" name="flipakartPackage.verifyloginpage" tests="3" failures="0" timestamp="07 Feb 2019 07:57:47 GMT" time="25.245" errors="0">
  <testcase name="openbrowser" time="17.663" classname="flipakartPackage.verifyloginpage"/>
  <testcase name="loginflipkart" time="5.166" classname="flipakartPackage.verifyloginpage"/>
  <testcase name="verifyloginhomepage" time="2.416" classname="flipakartPackage.verifyloginpage"/>
</testsuite> <!-- flipakartPackage.verifyloginpage -->
